#
# A fatal error has been detected by the Java Runtime Environment:
#
#  SIGSEGV (0xb) at pc=0x00007fff8fc8944f, pid=12845, tid=1299
#
# JRE version: Java(TM) SE Runtime Environment (8.0_11-b12) (build 1.8.0_11-b12)
# Java VM: Java HotSpot(TM) 64-Bit Server VM (25.11-b03 mixed mode bsd-amd64 compressed oops)
# Problematic frame:
# C  [libobjc.A.dylib+0x944f]  objc_release+0xf
#
# Failed to write core dump. Core dumps have been disabled. To enable core dumping, try "ulimit -c unlimited" before starting Java again
#
# If you would like to submit a bug report, please visit:
#   http://bugreport.sun.com/bugreport/crash.jsp
# The crash happened outside the Java Virtual Machine in native code.
# See problematic frame for where to report the bug.
#

---------------  T H R E A D  ---------------

Current thread (0x00007fa5398c8000):  JavaThread "JavaFX Application Thread" [_thread_in_native, id=1299, stack(0x00007fff560c2000,0x00007fff568c2000)]

siginfo:si_signo=SIGSEGV: si_errno=0, si_code=1 (SEGV_MAPERR), si_addr=0x0000000000000020

Registers:
RAX=0x0000000000000000, RBX=0x00007fa539005010, RCX=0x00007fa539005050, RDX=0x00007fff568be668
RSP=0x00007fff568be6f8, RBP=0x00007fff568beb40, RSI=0x0000000000000000, RDI=0x00007fa53879ea50
R8 =0x00000000000001ff, R9 =0x00007fa5386001c0, R10=0x00007fa53a244c50, R11=0x0000000128068518
R12=0xa3a3a3a3a3a3a3a3, R13=0x00007fff7c68b070, R14=0x00007fa539005048, R15=0x00007fa539005000
RIP=0x00007fff8fc8944f, EFLAGS=0x0000000000010246, ERR=0x0000000000000004
  TRAPNO=0x000000000000000e

Top of Stack: (sp=0x00007fff568be6f8)
0x00007fff568be6f8:   00007fff8fc87e8f 00000000568be750
0x00007fff568be708:   00007fa539005048 00007fff568be868
0x00007fff568be718:   0000000000000002 0000000109358000
0x00007fff568be728:   0000000000000030 00007fff7cb697a8
0x00007fff568be738:   0000000000002b00 0000000000000000
0x00007fff568be748:   0000000000000000 0000000000000000
0x00007fff568be758:   0000000000000000 0000000000000000
0x00007fff568be768:   0000000000000000 0000000000000000
0x00007fff568be778:   00007fff928c5dd4 00007fff7be738e0
0x00007fff568be788:   0000000000000000 00007fff568be80c
0x00007fff568be798:   00007fff568be810 00007fff568be814
0x00007fff568be7a8:   00007fa538607260 ffffffffffffffff
0x00007fff568be7b8:   0001206800000040 00007fa538607278
0x00007fff568be7c8:   00007fa538607260 00007fa538651020
0x00007fff568be7d8:   00007fa538607250 00007fff7c68b070
0x00007fff568be7e8:   00007fa53ae7c690 00007fff568be830
0x00007fff568be7f8:   00007fff928c5b4e 00007fa53ae7c6b8
0x00007fff568be808:   000120683ae7c6a0 0369af000369af00
0x00007fff568be818:   00007fa53ae7c6a0 00007fff7c68b070
0x00007fff568be828:   00007fa53ae7c690 00007fff568be890
0x00007fff568be838:   00007fff90fa641a 00007fa538651b90
0x00007fff568be848:   00007fa538607260 00007fff568be890
0x00007fff568be858:   00007fff90fbb2a2 08008cb52cf96a72
0x00007fff568be868:   00007fa538607250 0000000000000064
0x00007fff568be878:   00007fff7c68b070 08008cb52cf96a72
0x00007fff568be888:   00007fa538607250 00007fff568be950
0x00007fff568be898:   00007fff8befc63d 00007fa538607278
0x00007fff568be8a8:   00007fff7cb9d0d0 0000000042000000
0x00007fff568be8b8:   00007fff8c23d843 00007fff7be4ba10
0x00007fff568be8c8:   00007fff568be8d0 0000000000000001
0x00007fff568be8d8:   00007fa5384e9a00 0000003002000000
0x00007fff568be8e8:   00007fff8c23d810 00007fff8c23d830 

Instructions: (pc=0x00007fff8fc8944f)
0x00007fff8fc8942f:   c0 48 85 ff 74 04 48 8b 47 08 c3 90 90 90 90 90
0x00007fff8fc8943f:   90 48 85 ff 74 06 40 f6 c7 01 74 01 c3 48 8b 07
0x00007fff8fc8944f:   f6 40 20 02 74 0a be 01 00 00 00 e9 51 83 01 00
0x00007fff8fc8945f:   48 8d 05 7a 16 c3 ec 48 8b 30 e9 52 7c ff ff 90 

Register to memory mapping:

RAX=0x0000000000000000 is an unknown value
RBX=0x00007fa539005010 is an unknown value
RCX=0x00007fa539005050 is an unknown value
RDX=0x00007fff568be668 is pointing into the stack for thread: 0x00007fa5398c8000
RSP=0x00007fff568be6f8 is pointing into the stack for thread: 0x00007fa5398c8000
RBP=0x00007fff568beb40 is pointing into the stack for thread: 0x00007fa5398c8000
RSI=0x0000000000000000 is an unknown value
RDI=0x00007fa53879ea50 is an unknown value
R8 =0x00000000000001ff is an unknown value
R9 =0x00007fa5386001c0 is an unknown value
R10=0x00007fa53a244c50 is an unknown value
R11=0x0000000128068518: OBJC_CLASS_$_GlassLayer3D+0 in /Library/Java/JavaVirtualMachines/jdk1.8.0_11.jdk/Contents/Home/jre/lib/libglass.dylib at 0x000000012801e000
R12=0xa3a3a3a3a3a3a3a3 is an unknown value
R13=0x00007fff7c68b070: __stack_chk_guard+0 in /usr/lib/system/libsystem_c.dylib at 0x00007fff8ef91000
R14=0x00007fa539005048 is an unknown value
R15=0x00007fa539005000 is an unknown value


Stack: [0x00007fff560c2000,0x00007fff568c2000],  sp=0x00007fff568be6f8,  free space=8177k
Native frames: (J=compiled Java code, j=interpreted, Vv=VM code, C=native code)
C  [libobjc.A.dylib+0x944f]  objc_release+0xf
C  [CoreFoundation+0x3a302]  _CFAutoreleasePoolPop+0x32
C  [Foundation+0x1bedf]  -[NSAutoreleasePool drain]+0x99
C  [AppKit+0x17661]  -[NSApplication run]+0x320
C  [libglass.dylib+0xbf95]  -[GlassApplication runLoop:]+0x6a5
C  [Foundation+0x65cdc]  __NSThreadPerformPerform+0x125
C  [CoreFoundation+0x80681]  __CFRUNLOOP_IS_CALLING_OUT_TO_A_SOURCE0_PERFORM_FUNCTION__+0x11
C  [CoreFoundation+0x7280d]  __CFRunLoopDoSources0+0x10d
C  [CoreFoundation+0x71e3f]  __CFRunLoopRun+0x39f
C  [CoreFoundation+0x71858]  CFRunLoopRunSpecific+0x128
C  [java+0x56cb]  CreateExecutionEnvironment+0x367
C  [java+0x166c]  JLI_Launch+0x7a0
C  [java+0x7689]  main+0x65
C  [java+0xec4]  start+0x34


---------------  P R O C E S S  ---------------

Java Threads: ( => current thread )
  0x00007fa5391cd800 JavaThread "DestroyJavaVM" [_thread_blocked, id=4867, stack(0x0000000109454000,0x0000000109554000)]
  0x00007fa53a1b0800 JavaThread "Prism Font Disposer" daemon [_thread_blocked, id=49439, stack(0x000000012c533000,0x000000012c633000)]
  0x00007fa53a0eb800 JavaThread "Thread-4" daemon [_thread_in_native, id=36355, stack(0x000000012a55d000,0x000000012a5dd000)]
=>0x00007fa5398c8000 JavaThread "JavaFX Application Thread" [_thread_in_native, id=1299, stack(0x00007fff560c2000,0x00007fff568c2000)]
  0x00007fa5390ff800 JavaThread "Thread-2" daemon [_thread_blocked, id=24099, stack(0x0000000128089000,0x0000000128189000)]
  0x00007fa53a053800 JavaThread "Monitor Ctrl-Break" daemon [_thread_in_native, id=19203, stack(0x0000000127765000,0x0000000127865000)]
  0x00007fa538818000 JavaThread "Service Thread" daemon [_thread_blocked, id=18179, stack(0x000000012740d000,0x000000012750d000)]
  0x00007fa538817000 JavaThread "C1 CompilerThread2" daemon [_thread_blocked, id=17667, stack(0x000000012730a000,0x000000012740a000)]
  0x00007fa538816800 JavaThread "C2 CompilerThread1" daemon [_thread_blocked, id=17155, stack(0x0000000127207000,0x0000000127307000)]
  0x00007fa538826000 JavaThread "C2 CompilerThread0" daemon [_thread_blocked, id=16643, stack(0x0000000127104000,0x0000000127204000)]
  0x00007fa538825800 JavaThread "Signal Dispatcher" daemon [_thread_blocked, id=13335, stack(0x0000000127001000,0x0000000127101000)]
  0x00007fa53a04f000 JavaThread "Finalizer" daemon [_thread_blocked, id=11523, stack(0x00000001256b6000,0x00000001257b6000)]
  0x00007fa53980b800 JavaThread "Reference Handler" daemon [_thread_blocked, id=11011, stack(0x00000001255b3000,0x00000001256b3000)]

Other Threads:
  0x00007fa53a04c800 VMThread [stack: 0x00000001254b0000,0x00000001255b0000] [id=10499]
  0x00007fa539814800 WatcherThread [stack: 0x0000000127510000,0x0000000127610000] [id=18691]

VM state:not at safepoint (normal execution)

VM Mutex/Monitor currently owned by a thread: None

Heap:
 PSYoungGen      total 15360K, used 7494K [0x000000076ab00000, 0x000000076c880000, 0x00000007c0000000)
  eden space 14848K, 48% used [0x000000076ab00000,0x000000076b2118f8,0x000000076b980000)
  from space 512K, 50% used [0x000000076c800000,0x000000076c840000,0x000000076c880000)
  to   space 5120K, 0% used [0x000000076be80000,0x000000076be80000,0x000000076c380000)
 ParOldGen       total 260608K, used 21613K [0x00000006c0000000, 0x00000006cfe80000, 0x000000076ab00000)
  object space 260608K, 8% used [0x00000006c0000000,0x00000006c151b508,0x00000006cfe80000)
 Metaspace       used 17865K, capacity 18008K, committed 18304K, reserved 1064960K
  class space    used 2595K, capacity 2637K, committed 2688K, reserved 1048576K

Card table byte_map: [0x000000011a081000,0x000000011a882000] byte_map_base: 0x0000000116a81000

Marking Bits: (ParMarkBitMap*) 0x000000010a6670a0
 Begin Bits: [0x000000011b1e4000, 0x000000011f1e4000)
 End Bits:   [0x000000011f1e4000, 0x00000001231e4000)

Polling page: 0x0000000109598000

CodeCache: size=245760Kb used=10952Kb max_used=11098Kb free=234807Kb
 bounds [0x000000010acc1000, 0x000000010b7b1000, 0x0000000119cc1000]
 total_blobs=4148 nmethods=3511 adapters=551
 compilation: enabled

Compilation events (10 events):
Event: 94.636 Thread 0x00007fa538816800 3723       4       com.sun.glass.ui.mac.MacGestureSupport::notifyBeginTouchEvent (11 bytes)
Event: 94.638 Thread 0x00007fa538816800 nmethod 3723 0x000000010b00b350 code [0x000000010b00b4a0, 0x000000010b00b678]
Event: 95.404 Thread 0x00007fa538826000 3724       4       com.sun.glass.ui.mac.MacGestureSupport::notifyEndTouchEvent (8 bytes)
Event: 95.445 Thread 0x00007fa538826000 nmethod 3724 0x000000010afbee90 code [0x000000010afbf180, 0x000000010afc0780]
Event: 107.220 Thread 0x00007fa538816800 3725       4       com.sun.glass.ui.mac.MacApplication::submitForLaterInvocation (6 bytes)
Event: 107.221 Thread 0x00007fa538816800 nmethod 3725 0x000000010af7d550 code [0x000000010af7d6a0, 0x000000010af7d728]
Event: 128.051 Thread 0x00007fa538817000 3726       3       javafx.animation.AnimationAccessorImpl::jumpTo (10 bytes)
Event: 128.051 Thread 0x00007fa538817000 nmethod 3726 0x000000010af7d0d0 code [0x000000010af7d240, 0x000000010af7d468]
Event: 128.051 Thread 0x00007fa538817000 3727       3       javafx.animation.Timeline::impl_jumpTo (21 bytes)
Event: 128.052 Thread 0x00007fa538817000 nmethod 3727 0x000000010b01b750 code [0x000000010b01b900, 0x000000010b01bdf8]

GC Heap History (10 events):
Event: 9.293 GC heap before
{Heap before GC invocations=12 (full 0):
 PSYoungGen      total 15872K, used 15864K [0x000000076ab00000, 0x000000076c880000, 0x00000007c0000000)
  eden space 12288K, 100% used [0x000000076ab00000,0x000000076b700000,0x000000076b700000)
  from space 3584K, 99% used [0x000000076b700000,0x000000076ba7e340,0x000000076ba80000)
  to   space 5120K, 0% used [0x000000076c380000,0x000000076c380000,0x000000076c880000)
 ParOldGen       total 260608K, used 6427K [0x00000006c0000000, 0x00000006cfe80000, 0x000000076ab00000)
  object space 260608K, 2% used [0x00000006c0000000,0x00000006c0646e98,0x00000006cfe80000)
 Metaspace       used 15837K, capacity 15982K, committed 16256K, reserved 1062912K
  class space    used 2371K, capacity 2399K, committed 2432K, reserved 1048576K
Event: 9.300 GC heap after
Heap after GC invocations=12 (full 0):
 PSYoungGen      total 16384K, used 4128K [0x000000076ab00000, 0x000000076c800000, 0x00000007c0000000)
  eden space 11776K, 0% used [0x000000076ab00000,0x000000076ab00000,0x000000076b680000)
  from space 4608K, 89% used [0x000000076c380000,0x000000076c788010,0x000000076c800000)
  to   space 5632K, 0% used [0x000000076bd00000,0x000000076bd00000,0x000000076c280000)
 ParOldGen       total 260608K, used 12044K [0x00000006c0000000, 0x00000006cfe80000, 0x000000076ab00000)
  object space 260608K, 4% used [0x00000006c0000000,0x00000006c0bc31e8,0x00000006cfe80000)
 Metaspace       used 15837K, capacity 15982K, committed 16256K, reserved 1062912K
  class space    used 2371K, capacity 2399K, committed 2432K, reserved 1048576K
}
Event: 20.369 GC heap before
{Heap before GC invocations=13 (full 0):
 PSYoungGen      total 16384K, used 15904K [0x000000076ab00000, 0x000000076c800000, 0x00000007c0000000)
  eden space 11776K, 100% used [0x000000076ab00000,0x000000076b680000,0x000000076b680000)
  from space 4608K, 89% used [0x000000076c380000,0x000000076c788010,0x000000076c800000)
  to   space 5632K, 0% used [0x000000076bd00000,0x000000076bd00000,0x000000076c280000)
 ParOldGen       total 260608K, used 12044K [0x00000006c0000000, 0x00000006cfe80000, 0x000000076ab00000)
  object space 260608K, 4% used [0x00000006c0000000,0x00000006c0bc31e8,0x00000006cfe80000)
 Metaspace       used 16504K, capacity 16752K, committed 16896K, reserved 1062912K
  class space    used 2403K, capacity 2465K, committed 2560K, reserved 1048576K
Event: 20.376 GC heap after
Heap after GC invocations=13 (full 0):
 PSYoungGen      total 12800K, used 1440K [0x000000076ab00000, 0x000000076c400000, 0x00000007c0000000)
  eden space 11264K, 0% used [0x000000076ab00000,0x000000076ab00000,0x000000076b600000)
  from space 1536K, 93% used [0x000000076bd00000,0x000000076be68000,0x000000076be80000)
  to   space 5120K, 0% used [0x000000076bf00000,0x000000076bf00000,0x000000076c400000)
 ParOldGen       total 260608K, used 17924K [0x00000006c0000000, 0x00000006cfe80000, 0x000000076ab00000)
  object space 260608K, 6% used [0x00000006c0000000,0x00000006c1181208,0x00000006cfe80000)
 Metaspace       used 16504K, capacity 16752K, committed 16896K, reserved 1062912K
  class space    used 2403K, capacity 2465K, committed 2560K, reserved 1048576K
}
Event: 20.478 GC heap before
{Heap before GC invocations=14 (full 0):
 PSYoungGen      total 12800K, used 12704K [0x000000076ab00000, 0x000000076c400000, 0x00000007c0000000)
  eden space 11264K, 100% used [0x000000076ab00000,0x000000076b600000,0x000000076b600000)
  from space 1536K, 93% used [0x000000076bd00000,0x000000076be68000,0x000000076be80000)
  to   space 5120K, 0% used [0x000000076bf00000,0x000000076bf00000,0x000000076c400000)
 ParOldGen       total 260608K, used 17924K [0x00000006c0000000, 0x00000006cfe80000, 0x000000076ab00000)
  object space 260608K, 6% used [0x00000006c0000000,0x00000006c1181208,0x00000006cfe80000)
 Metaspace       used 16880K, capacity 17018K, committed 17152K, reserved 1064960K
  class space    used 2465K, capacity 2504K, committed 2560K, reserved 1048576K
Event: 20.482 GC heap after
Heap after GC invocations=14 (full 0):
 PSYoungGen      total 20480K, used 480K [0x000000076ab00000, 0x000000076c700000, 0x00000007c0000000)
  eden space 15360K, 0% used [0x000000076ab00000,0x000000076ab00000,0x000000076ba00000)
  from space 5120K, 9% used [0x000000076bf00000,0x000000076bf78000,0x000000076c400000)
  to   space 5120K, 0% used [0x000000076ba00000,0x000000076ba00000,0x000000076bf00000)
 ParOldGen       total 260608K, used 19300K [0x00000006c0000000, 0x00000006cfe80000, 0x000000076ab00000)
  object space 260608K, 7% used [0x00000006c0000000,0x00000006c12d9238,0x00000006cfe80000)
 Metaspace       used 16880K, capacity 17018K, committed 17152K, reserved 1064960K
  class space    used 2465K, capacity 2504K, committed 2560K, reserved 1048576K
}
Event: 21.262 GC heap before
{Heap before GC invocations=15 (full 0):
 PSYoungGen      total 20480K, used 15840K [0x000000076ab00000, 0x000000076c700000, 0x00000007c0000000)
  eden space 15360K, 100% used [0x000000076ab00000,0x000000076ba00000,0x000000076ba00000)
  from space 5120K, 9% used [0x000000076bf00000,0x000000076bf78000,0x000000076c400000)
  to   space 5120K, 0% used [0x000000076ba00000,0x000000076ba00000,0x000000076bf00000)
 ParOldGen       total 260608K, used 19300K [0x00000006c0000000, 0x00000006cfe80000, 0x000000076ab00000)
  object space 260608K, 7% used [0x00000006c0000000,0x00000006c12d9238,0x00000006cfe80000)
 Metaspace       used 17808K, capacity 18002K, committed 18304K, reserved 1064960K
  class space    used 2587K, capacity 2636K, committed 2688K, reserved 1048576K
Event: 21.266 GC heap after
Heap after GC invocations=15 (full 0):
 PSYoungGen      total 20480K, used 2048K [0x000000076ab00000, 0x000000076cd00000, 0x00000007c0000000)
  eden space 15360K, 0% used [0x000000076ab00000,0x000000076ab00000,0x000000076ba00000)
  from space 5120K, 40% used [0x000000076ba00000,0x000000076bc002c0,0x000000076bf00000)
  to   space 5120K, 0% used [0x000000076c800000,0x000000076c800000,0x000000076cd00000)
 ParOldGen       total 260608K, used 19668K [0x00000006c0000000, 0x00000006cfe80000, 0x000000076ab00000)
  object space 260608K, 7% used [0x00000006c0000000,0x00000006c1335238,0x00000006cfe80000)
 Metaspace       used 17808K, capacity 18002K, committed 18304K, reserved 1064960K
  class space    used 2587K, capacity 2636K, committed 2688K, reserved 1048576K
}
Event: 90.645 GC heap before
{Heap before GC invocations=16 (full 0):
 PSYoungGen      total 20480K, used 17408K [0x000000076ab00000, 0x000000076cd00000, 0x00000007c0000000)
  eden space 15360K, 100% used [0x000000076ab00000,0x000000076ba00000,0x000000076ba00000)
  from space 5120K, 40% used [0x000000076ba00000,0x000000076bc002c0,0x000000076bf00000)
  to   space 5120K, 0% used [0x000000076c800000,0x000000076c800000,0x000000076cd00000)
 ParOldGen       total 260608K, used 19668K [0x00000006c0000000, 0x00000006cfe80000, 0x000000076ab00000)
  object space 260608K, 7% used [0x00000006c0000000,0x00000006c1335238,0x00000006cfe80000)
 Metaspace       used 17851K, capacity 18008K, committed 18304K, reserved 1064960K
  class space    used 2591K, capacity 2637K, committed 2688K, reserved 1048576K
Event: 90.648 GC heap after
Heap after GC invocations=16 (full 0):
 PSYoungGen      total 15360K, used 256K [0x000000076ab00000, 0x000000076c880000, 0x00000007c0000000)
  eden space 14848K, 0% used [0x000000076ab00000,0x000000076ab00000,0x000000076b980000)
  from space 512K, 50% used [0x000000076c800000,0x000000076c840000,0x000000076c880000)
  to   space 5120K, 0% used [0x000000076be80000,0x000000076be80000,0x000000076c380000)
 ParOldGen       total 260608K, used 21613K [0x00000006c0000000, 0x00000006cfe80000, 0x000000076ab00000)
  object space 260608K, 8% used [0x00000006c0000000,0x00000006c151b508,0x00000006cfe80000)
 Metaspace       used 17851K, capacity 18008K, committed 18304K, reserved 1064960K
  class space    used 2591K, capacity 2637K, committed 2688K, reserved 1048576K
}

Deoptimization events (10 events):
Event: 16.762 Thread 0x00007fa5398c8000 Uncommon trap: reason=array_check action=maybe_recompile pc=0x000000010b5977ec method=com.sun.javafx.css.CompoundSelector.applies(Ljavafx/css/Styleable;[Ljava/util/Set;I)Z @ 128
Event: 16.763 Thread 0x00007fa5398c8000 Uncommon trap: reason=array_check action=maybe_recompile pc=0x000000010b5977ec method=com.sun.javafx.css.CompoundSelector.applies(Ljavafx/css/Styleable;[Ljava/util/Set;I)Z @ 128
Event: 20.504 Thread 0x00007fa5398c8000 Uncommon trap: reason=unreached action=reinterpret pc=0x000000010b69c268 method=java.lang.Class.getInterfaces()[Ljava/lang/Class; @ 20
Event: 20.564 Thread 0x00007fa5398c8000 Uncommon trap: reason=unreached action=reinterpret pc=0x000000010b2dd508 method=java.util.WeakHashMap.expungeStaleEntries()V @ 66
Event: 20.714 Thread 0x00007fa5398c8000 Uncommon trap: reason=unreached action=reinterpret pc=0x000000010b6c6d3c method=java.lang.Class.privateGetDeclaredMethods(Z)[Ljava/lang/reflect/Method; @ 29
Event: 20.717 Thread 0x00007fa5398c8000 Uncommon trap: reason=unreached action=reinterpret pc=0x000000010b725060 method=java.lang.Class.getMethod0(Ljava/lang/String;[Ljava/lang/Class;Z)Ljava/lang/reflect/Method; @ 112
Event: 20.725 Thread 0x00007fa5398c8000 Uncommon trap: reason=unreached action=reinterpret pc=0x000000010ae4b60c method=com.sun.javafx.css.StyleManager$Cache$Key.hashCode()I @ 19
Event: 20.733 Thread 0x00007fa5398c8000 Uncommon trap: reason=unreached action=reinterpret pc=0x000000010b1b02b4 method=javafx.scene.CssStyleHelper.lookup(Ljavafx/css/Styleable;Ljavafx/css/CssMetaData;Lcom/sun/javafx/css/StyleMap;Ljava/util/Set;Ljavafx/css/Styleable;Lcom/sun/javafx/css/Calculat
Event: 20.733 Thread 0x00007fa5398c8000 Uncommon trap: reason=unreached action=reinterpret pc=0x000000010b11cde0 method=com.sun.javafx.css.ParsedValueImpl.containsFontRelativeSize(Ljavafx/css/ParsedValue;Z)Z @ 56
Event: 25.102 Thread 0x00007fa5398c8000 Uncommon trap: reason=unloaded action=reinterpret pc=0x000000010aee7824 method=java.util.ArrayList.rangeCheck(I)V @ 8

Internal exceptions (10 events):
Event: 24.114 Thread 0x00007fa5398c8000 Exception <a 'java/security/PrivilegedActionException'> (0x000000076b352988) thrown at [/HUDSON3/workspace/8-2-build-macosx-x86_64/jdk8u11/648/hotspot/src/share/vm/prims/jvm.cpp, line 1248]
Event: 24.114 Thread 0x00007fa5398c8000 Exception <a 'java/security/PrivilegedActionException'> (0x000000076b371430) thrown at [/HUDSON3/workspace/8-2-build-macosx-x86_64/jdk8u11/648/hotspot/src/share/vm/prims/jvm.cpp, line 1248]
Event: 24.114 Thread 0x00007fa5398c8000 Exception <a 'java/security/PrivilegedActionException'> (0x000000076b390f00) thrown at [/HUDSON3/workspace/8-2-build-macosx-x86_64/jdk8u11/648/hotspot/src/share/vm/prims/jvm.cpp, line 1248]
Event: 24.115 Thread 0x00007fa5398c8000 Exception <a 'java/security/PrivilegedActionException'> (0x000000076b3b0910) thrown at [/HUDSON3/workspace/8-2-build-macosx-x86_64/jdk8u11/648/hotspot/src/share/vm/prims/jvm.cpp, line 1248]
Event: 24.115 Thread 0x00007fa5398c8000 Exception <a 'java/security/PrivilegedActionException'> (0x000000076b3d1388) thrown at [/HUDSON3/workspace/8-2-build-macosx-x86_64/jdk8u11/648/hotspot/src/share/vm/prims/jvm.cpp, line 1248]
Event: 24.115 Thread 0x00007fa5398c8000 Exception <a 'java/security/PrivilegedActionException'> (0x000000076b3d2ab0) thrown at [/HUDSON3/workspace/8-2-build-macosx-x86_64/jdk8u11/648/hotspot/src/share/vm/prims/jvm.cpp, line 1248]
Event: 24.115 Thread 0x00007fa5398c8000 Exception <a 'java/security/PrivilegedActionException'> (0x000000076b3d5140) thrown at [/HUDSON3/workspace/8-2-build-macosx-x86_64/jdk8u11/648/hotspot/src/share/vm/prims/jvm.cpp, line 1248]
Event: 24.120 Thread 0x00007fa5398c8000 Exception <a 'java/lang/ClassCastException': java.lang.Double cannot be cast to javafx.scene.paint.Paint> (0x000000076b3ead88) thrown at [/HUDSON3/workspace/8-2-build-macosx-x86_64/jdk8u11/648/hotspot/src/share/vm/interpreter/interpreterRuntime.cpp, line 
Event: 25.102 Thread 0x00007fa5398c8000 Exception <a 'java/lang/reflect/InvocationTargetException'> (0x000000076b44e968) thrown at [/HUDSON3/workspace/8-2-build-macosx-x86_64/jdk8u11/648/hotspot/src/share/vm/runtime/reflection.cpp, line 1079]
Event: 25.102 Thread 0x00007fa5398c8000 Exception <a 'java/lang/RuntimeException'> (0x000000076b44eff8) thrown at [/HUDSON3/workspace/8-2-build-macosx-x86_64/jdk8u11/648/hotspot/src/share/vm/prims/jvm.cpp, line 1252]

Events (10 events):
Event: 195.720 loading class com/sun/javafx/application/PlatformImpl$8
Event: 195.720 loading class com/sun/javafx/application/PlatformImpl$8 done
Event: 195.720 loading class com/sun/javafx/application/PlatformImpl$10
Event: 195.720 loading class com/sun/javafx/application/PlatformImpl$10 done
Event: 195.721 loading class com/sun/javafx/tk/quantum/QuantumRenderer$5
Event: 195.721 loading class com/sun/javafx/tk/quantum/QuantumRenderer$5 done
Event: 195.722 Thread 0x00007fa53881b000 Thread exited: 0x00007fa53881b000
Event: 195.722 Thread 0x00007fa538806000 Thread exited: 0x00007fa538806000
Event: 195.722 Thread 0x00007fa5391cd800 Thread added: 0x00007fa5391cd800
Event: 195.722 Thread 0x00007fa53986c800 Thread exited: 0x00007fa53986c800


Dynamic libraries:
0x000000000be32000 	/System/Library/Frameworks/Cocoa.framework/Versions/A/Cocoa
0x000000000be32000 	/System/Library/Frameworks/Security.framework/Versions/A/Security
0x000000000be32000 	/System/Library/Frameworks/ApplicationServices.framework/Versions/A/ApplicationServices
0x000000000be32000 	/usr/lib/libz.1.dylib
0x000000000be32000 	/usr/lib/libSystem.B.dylib
0x000000000be32000 	/usr/lib/libobjc.A.dylib
0x000000000be32000 	/System/Library/Frameworks/CoreFoundation.framework/Versions/A/CoreFoundation
0x000000000be32000 	/System/Library/Frameworks/Foundation.framework/Versions/C/Foundation
0x000000000be32000 	/System/Library/Frameworks/AppKit.framework/Versions/C/AppKit
0x000000000be32000 	/System/Library/Frameworks/CoreData.framework/Versions/A/CoreData
0x000000000be32000 	/System/Library/PrivateFrameworks/RemoteViewServices.framework/Versions/A/RemoteViewServices
0x000000000be32000 	/System/Library/PrivateFrameworks/UIFoundation.framework/Versions/A/UIFoundation
0x000000000be32000 	/System/Library/Frameworks/IOSurface.framework/Versions/A/IOSurface
0x000000000be32000 	/System/Library/Frameworks/AudioToolbox.framework/Versions/A/AudioToolbox
0x000000000be32000 	/System/Library/Frameworks/AudioUnit.framework/Versions/A/AudioUnit
0x000000000be32000 	/System/Library/PrivateFrameworks/DataDetectorsCore.framework/Versions/A/DataDetectorsCore
0x000000000be32000 	/System/Library/PrivateFrameworks/DesktopServicesPriv.framework/Versions/A/DesktopServicesPriv
0x000000000be32000 	/System/Library/Frameworks/Carbon.framework/Versions/A/Frameworks/HIToolbox.framework/Versions/A/HIToolbox
0x000000000be32000 	/System/Library/Frameworks/QuartzCore.framework/Versions/A/QuartzCore
0x000000000be32000 	/System/Library/Frameworks/Carbon.framework/Versions/A/Frameworks/SpeechRecognition.framework/Versions/A/SpeechRecognition
0x000000000be32000 	/usr/lib/libauto.dylib
0x000000000be32000 	/usr/lib/libicucore.A.dylib
0x000000000be32000 	/usr/lib/libxml2.2.dylib
0x000000000be32000 	/System/Library/PrivateFrameworks/CoreUI.framework/Versions/A/CoreUI
0x000000000be32000 	/System/Library/Frameworks/CoreAudio.framework/Versions/A/CoreAudio
0x000000000be32000 	/System/Library/Frameworks/DiskArbitration.framework/Versions/A/DiskArbitration
0x000000000be32000 	/usr/lib/liblangid.dylib
0x000000000be32000 	/System/Library/PrivateFrameworks/MultitouchSupport.framework/Versions/A/MultitouchSupport
0x000000000be32000 	/System/Library/Frameworks/IOKit.framework/Versions/A/IOKit
0x000000000be32000 	/usr/lib/libDiagnosticMessagesClient.dylib
0x000000000be32000 	/System/Library/Frameworks/CoreServices.framework/Versions/A/CoreServices
0x000000000be32000 	/System/Library/PrivateFrameworks/PerformanceAnalysis.framework/Versions/A/PerformanceAnalysis
0x000000000be32000 	/System/Library/PrivateFrameworks/GenerationalStorage.framework/Versions/A/GenerationalStorage
0x000000000be32000 	/System/Library/Frameworks/OpenGL.framework/Versions/A/OpenGL
0x000000000be32000 	/System/Library/PrivateFrameworks/Sharing.framework/Versions/A/Sharing
0x000000000be32000 	/System/Library/Frameworks/CoreGraphics.framework/Versions/A/CoreGraphics
0x000000000be32000 	/System/Library/Frameworks/CoreText.framework/Versions/A/CoreText
0x000000000be32000 	/System/Library/Frameworks/ImageIO.framework/Versions/A/ImageIO
0x000000000be32000 	/usr/lib/libextension.dylib
0x000000000be32000 	/System/Library/PrivateFrameworks/Backup.framework/Versions/A/Backup
0x000000000be32000 	/usr/lib/libarchive.2.dylib
0x000000000be32000 	/System/Library/Frameworks/CFNetwork.framework/Versions/A/CFNetwork
0x000000000be32000 	/System/Library/Frameworks/SystemConfiguration.framework/Versions/A/SystemConfiguration
0x000000000be32000 	/usr/lib/libCRFSuite.dylib
0x000000000be32000 	/usr/lib/libc++.1.dylib
0x000000000be32000 	/usr/lib/libc++abi.dylib
0x000000000be32000 	/usr/lib/system/libcache.dylib
0x000000000be32000 	/usr/lib/system/libcommonCrypto.dylib
0x000000000be32000 	/usr/lib/system/libcompiler_rt.dylib
0x000000000be32000 	/usr/lib/system/libcopyfile.dylib
0x000000000be32000 	/usr/lib/system/libcorecrypto.dylib
0x000000000be32000 	/usr/lib/system/libdispatch.dylib
0x000000000be32000 	/usr/lib/system/libdyld.dylib
0x000000000be32000 	/usr/lib/system/libkeymgr.dylib
0x000000000be32000 	/usr/lib/system/liblaunch.dylib
0x000000000be32000 	/usr/lib/system/libmacho.dylib
0x000000000be32000 	/usr/lib/system/libquarantine.dylib
0x000000000be32000 	/usr/lib/system/libremovefile.dylib
0x000000000be32000 	/usr/lib/system/libsystem_asl.dylib
0x000000000be32000 	/usr/lib/system/libsystem_blocks.dylib
0x000000000be32000 	/usr/lib/system/libsystem_c.dylib
0x000000000be32000 	/usr/lib/system/libsystem_configuration.dylib
0x000000000be32000 	/usr/lib/system/libsystem_coreservices.dylib
0x000000000be32000 	/usr/lib/system/libsystem_coretls.dylib
0x000000000be32000 	/usr/lib/system/libsystem_dnssd.dylib
0x000000000be32000 	/usr/lib/system/libsystem_info.dylib
0x000000000be32000 	/usr/lib/system/libsystem_kernel.dylib
0x000000000be32000 	/usr/lib/system/libsystem_m.dylib
0x000000000be32000 	/usr/lib/system/libsystem_malloc.dylib
0x000000000be32000 	/usr/lib/system/libsystem_network.dylib
0x000000000be32000 	/usr/lib/system/libsystem_networkextension.dylib
0x000000000be32000 	/usr/lib/system/libsystem_notify.dylib
0x000000000be32000 	/usr/lib/system/libsystem_platform.dylib
0x000000000be32000 	/usr/lib/system/libsystem_pthread.dylib
0x000000000be32000 	/usr/lib/system/libsystem_sandbox.dylib
0x000000000be32000 	/usr/lib/system/libsystem_secinit.dylib
0x000000000be32000 	/usr/lib/system/libsystem_stats.dylib
0x000000000be32000 	/usr/lib/system/libsystem_trace.dylib
0x000000000be32000 	/usr/lib/system/libunc.dylib
0x000000000be32000 	/usr/lib/system/libunwind.dylib
0x000000000be32000 	/usr/lib/system/libxpc.dylib
0x000000000be32000 	/usr/lib/libbz2.1.0.dylib
0x000000000be32000 	/usr/lib/liblzma.5.dylib
0x000000000be32000 	/usr/lib/libbsm.0.dylib
0x000000000be32000 	/usr/lib/libsqlite3.dylib
0x000000000be32000 	/usr/lib/system/libkxld.dylib
0x000000000be32000 	/usr/lib/libxar.1.dylib
0x000000000be32000 	/usr/lib/libpam.2.dylib
0x000000000be32000 	/usr/lib/libOpenScriptingUtil.dylib
0x000000000be32000 	/System/Library/Frameworks/CoreServices.framework/Versions/A/Frameworks/FSEvents.framework/Versions/A/FSEvents
0x000000000be32000 	/System/Library/Frameworks/CoreServices.framework/Versions/A/Frameworks/CarbonCore.framework/Versions/A/CarbonCore
0x000000000be32000 	/System/Library/Frameworks/CoreServices.framework/Versions/A/Frameworks/Metadata.framework/Versions/A/Metadata
0x000000000be32000 	/System/Library/Frameworks/CoreServices.framework/Versions/A/Frameworks/OSServices.framework/Versions/A/OSServices
0x000000000be32000 	/System/Library/Frameworks/CoreServices.framework/Versions/A/Frameworks/SearchKit.framework/Versions/A/SearchKit
0x000000000be32000 	/System/Library/Frameworks/CoreServices.framework/Versions/A/Frameworks/AE.framework/Versions/A/AE
0x000000000be32000 	/System/Library/Frameworks/CoreServices.framework/Versions/A/Frameworks/LaunchServices.framework/Versions/A/LaunchServices
0x000000000be32000 	/System/Library/Frameworks/CoreServices.framework/Versions/A/Frameworks/DictionaryServices.framework/Versions/A/DictionaryServices
0x000000000be32000 	/System/Library/Frameworks/NetFS.framework/Versions/A/NetFS
0x000000000be32000 	/System/Library/PrivateFrameworks/NetAuth.framework/Versions/A/NetAuth
0x000000000be32000 	/System/Library/PrivateFrameworks/login.framework/Versions/A/Frameworks/loginsupport.framework/Versions/A/loginsupport
0x000000000be32000 	/System/Library/PrivateFrameworks/TCC.framework/Versions/A/TCC
0x000000000be32000 	/usr/lib/libmecabra.dylib
0x000000000be32000 	/System/Library/Frameworks/ApplicationServices.framework/Versions/A/Frameworks/ATS.framework/Versions/A/ATS
0x000000000be32000 	/System/Library/Frameworks/ApplicationServices.framework/Versions/A/Frameworks/ColorSync.framework/Versions/A/ColorSync
0x000000000be32000 	/System/Library/Frameworks/ApplicationServices.framework/Versions/A/Frameworks/HIServices.framework/Versions/A/HIServices
0x000000000be32000 	/System/Library/Frameworks/ApplicationServices.framework/Versions/A/Frameworks/LangAnalysis.framework/Versions/A/LangAnalysis
0x000000000be32000 	/System/Library/Frameworks/ApplicationServices.framework/Versions/A/Frameworks/PrintCore.framework/Versions/A/PrintCore
0x000000000be32000 	/System/Library/Frameworks/ApplicationServices.framework/Versions/A/Frameworks/QD.framework/Versions/A/QD
0x000000000be32000 	/System/Library/Frameworks/ApplicationServices.framework/Versions/A/Frameworks/SpeechSynthesis.framework/Versions/A/SpeechSynthesis
0x000000000be32000 	/System/Library/Frameworks/Accelerate.framework/Versions/A/Accelerate
0x000000000be32000 	/System/Library/Frameworks/Accelerate.framework/Versions/A/Frameworks/vImage.framework/Versions/A/vImage
0x000000000be32000 	/System/Library/Frameworks/Accelerate.framework/Versions/A/Frameworks/vecLib.framework/Versions/A/vecLib
0x000000000be32000 	/System/Library/Frameworks/Accelerate.framework/Versions/A/Frameworks/vecLib.framework/Versions/A/libvDSP.dylib
0x000000000be32000 	/System/Library/Frameworks/Accelerate.framework/Versions/A/Frameworks/vecLib.framework/Versions/A/libvMisc.dylib
0x000000000be32000 	/System/Library/Frameworks/Accelerate.framework/Versions/A/Frameworks/vecLib.framework/Versions/A/libLAPACK.dylib
0x000000000be32000 	/System/Library/Frameworks/Accelerate.framework/Versions/A/Frameworks/vecLib.framework/Versions/A/libBLAS.dylib
0x000000000be32000 	/System/Library/Frameworks/Accelerate.framework/Versions/A/Frameworks/vecLib.framework/Versions/A/libLinearAlgebra.dylib
0x000000000be32000 	/System/Library/Frameworks/ApplicationServices.framework/Versions/A/Frameworks/ATS.framework/Versions/A/Resources/libFontParser.dylib
0x000000000be32000 	/System/Library/Frameworks/ApplicationServices.framework/Versions/A/Frameworks/ATS.framework/Versions/A/Resources/libFontRegistry.dylib
0x000000000be32000 	/System/Library/PrivateFrameworks/AppleVPA.framework/Versions/A/AppleVPA
0x000000000be32000 	/System/Library/PrivateFrameworks/AppleJPEG.framework/Versions/A/AppleJPEG
0x000000000be32000 	/System/Library/Frameworks/ImageIO.framework/Versions/A/Resources/libJPEG.dylib
0x000000000be32000 	/System/Library/Frameworks/ImageIO.framework/Versions/A/Resources/libTIFF.dylib
0x000000000be32000 	/System/Library/Frameworks/ImageIO.framework/Versions/A/Resources/libPng.dylib
0x000000000be32000 	/System/Library/Frameworks/ImageIO.framework/Versions/A/Resources/libGIF.dylib
0x000000000be32000 	/System/Library/Frameworks/ImageIO.framework/Versions/A/Resources/libJP2.dylib
0x000000000be32000 	/System/Library/Frameworks/ImageIO.framework/Versions/A/Resources/libRadiance.dylib
0x000000000be32000 	/System/Library/Frameworks/CoreVideo.framework/Versions/A/CoreVideo
0x000000000be32000 	/System/Library/Frameworks/OpenGL.framework/Versions/A/Libraries/libGLU.dylib
0x000000000be32000 	/System/Library/Frameworks/OpenGL.framework/Versions/A/Libraries/libGFXShared.dylib
0x000000000be32000 	/System/Library/Frameworks/OpenGL.framework/Versions/A/Libraries/libGL.dylib
0x000000000be32000 	/System/Library/Frameworks/OpenGL.framework/Versions/A/Libraries/libGLImage.dylib
0x000000000be32000 	/System/Library/Frameworks/OpenGL.framework/Versions/A/Libraries/libCVMSPluginSupport.dylib
0x000000000be32000 	/System/Library/Frameworks/OpenGL.framework/Versions/A/Libraries/libCoreVMClient.dylib
0x000000000be32000 	/usr/lib/libcups.2.dylib
0x000000000be32000 	/System/Library/Frameworks/Kerberos.framework/Versions/A/Kerberos
0x000000000be32000 	/System/Library/Frameworks/GSS.framework/Versions/A/GSS
0x000000000be32000 	/usr/lib/libresolv.9.dylib
0x000000000be32000 	/usr/lib/libiconv.2.dylib
0x000000000be32000 	/System/Library/PrivateFrameworks/Heimdal.framework/Versions/A/Heimdal
0x000000000be32000 	/usr/lib/libheimdal-asn1.dylib
0x000000000be32000 	/System/Library/Frameworks/OpenDirectory.framework/Versions/A/OpenDirectory
0x000000000be32000 	/System/Library/PrivateFrameworks/CommonAuth.framework/Versions/A/CommonAuth
0x000000000be32000 	/System/Library/Frameworks/OpenDirectory.framework/Versions/A/Frameworks/CFOpenDirectory.framework/Versions/A/CFOpenDirectory
0x000000000be32000 	/System/Library/Frameworks/SecurityFoundation.framework/Versions/A/SecurityFoundation
0x000000000be32000 	/System/Library/PrivateFrameworks/LanguageModeling.framework/Versions/A/LanguageModeling
0x000000000be32000 	/usr/lib/libcmph.dylib
0x000000000be32000 	/System/Library/Frameworks/ServiceManagement.framework/Versions/A/ServiceManagement
0x000000000be32000 	/usr/lib/libxslt.1.dylib
0x000000000be32000 	/System/Library/Frameworks/Carbon.framework/Versions/A/Frameworks/Ink.framework/Versions/A/Ink
0x000000000be32000 	/System/Library/Frameworks/QuartzCore.framework/Versions/A/Frameworks/CoreImage.framework/Versions/A/CoreImage
0x000000000be32000 	/System/Library/PrivateFrameworks/CrashReporterSupport.framework/Versions/A/CrashReporterSupport
0x000000000be32000 	/System/Library/Frameworks/OpenCL.framework/Versions/A/OpenCL
0x000000000be32000 	/System/Library/PrivateFrameworks/FaceCore.framework/Versions/A/FaceCore
0x000000000be32000 	/System/Library/PrivateFrameworks/Ubiquity.framework/Versions/A/Ubiquity
0x000000000be32000 	/System/Library/PrivateFrameworks/IconServices.framework/Versions/A/IconServices
0x000000000be32000 	/System/Library/PrivateFrameworks/ChunkingLibrary.framework/Versions/A/ChunkingLibrary
0x000000000be32000 	/System/Library/PrivateFrameworks/Apple80211.framework/Versions/A/Apple80211
0x000000000be32000 	/System/Library/Frameworks/CoreWLAN.framework/Versions/A/CoreWLAN
0x000000000be32000 	/System/Library/Frameworks/IOBluetooth.framework/Versions/A/IOBluetooth
0x000000000be32000 	/System/Library/PrivateFrameworks/CoreWiFi.framework/Versions/A/CoreWiFi
0x000000000be32000 	/System/Library/Frameworks/CoreBluetooth.framework/Versions/A/CoreBluetooth
0x000000000be32000 	/System/Library/PrivateFrameworks/DebugSymbols.framework/Versions/A/DebugSymbols
0x000000000be32000 	/System/Library/PrivateFrameworks/CoreSymbolication.framework/Versions/A/CoreSymbolication
0x000000000be32000 	/System/Library/PrivateFrameworks/Symbolication.framework/Versions/A/Symbolication
0x000000000be32000 	/System/Library/PrivateFrameworks/SpeechRecognitionCore.framework/Versions/A/SpeechRecognitionCore
0x0000000109e00000 	/Library/Java/JavaVirtualMachines/jdk1.8.0_11.jdk/Contents/Home/jre/lib/server/libjvm.dylib
0x000000000be32000 	/usr/lib/libstdc++.6.dylib
0x0000000109556000 	/Library/Java/JavaVirtualMachines/jdk1.8.0_11.jdk/Contents/Home/jre/lib/libverify.dylib
0x0000000109564000 	/Library/Java/JavaVirtualMachines/jdk1.8.0_11.jdk/Contents/Home/jre/lib/libjava.dylib
0x00000001095a2000 	/Library/Java/JavaVirtualMachines/jdk1.8.0_11.jdk/Contents/Home/jre/lib/libzip.dylib
0x00000001257b8000 	/System/Library/Frameworks/JavaVM.framework/Frameworks/JavaRuntimeSupport.framework/JavaRuntimeSupport
0x00000001257d0000 	/System/Library/Frameworks/JavaVM.framework/Versions/A/Frameworks/JavaNativeFoundation.framework/Versions/A/JavaNativeFoundation
0x00000001257e5000 	/System/Library/Frameworks/JavaVM.framework/Versions/A/JavaVM
0x000000000be32000 	/System/Library/Frameworks/Carbon.framework/Versions/A/Carbon
0x00000001257f2000 	/System/Library/PrivateFrameworks/JavaLaunching.framework/Versions/A/JavaLaunching
0x000000000be32000 	/System/Library/Frameworks/Carbon.framework/Versions/A/Frameworks/CommonPanels.framework/Versions/A/CommonPanels
0x000000000be32000 	/System/Library/Frameworks/Carbon.framework/Versions/A/Frameworks/Help.framework/Versions/A/Help
0x000000000be32000 	/System/Library/Frameworks/Carbon.framework/Versions/A/Frameworks/ImageCapture.framework/Versions/A/ImageCapture
0x000000000be32000 	/System/Library/Frameworks/Carbon.framework/Versions/A/Frameworks/OpenScripting.framework/Versions/A/OpenScripting
0x000000000be32000 	/System/Library/Frameworks/Carbon.framework/Versions/A/Frameworks/Print.framework/Versions/A/Print
0x000000000be32000 	/System/Library/Frameworks/Carbon.framework/Versions/A/Frameworks/SecurityHI.framework/Versions/A/SecurityHI
0x0000000127761000 	/Applications/IntelliJ IDEA 14 CE.app/Contents/bin/libbreakgen64.jnilib
0x000000012790d000 	/Library/Java/JavaVirtualMachines/jdk1.8.0_11.jdk/Contents/Home/jre/lib/libnet.dylib
0x0000000127b71000 	/Library/Java/JavaVirtualMachines/jdk1.8.0_11.jdk/Contents/Home/jre/lib/libprism_es2.dylib
0x000000000be32000 	/System/Library/Frameworks/OpenGL.framework/Versions/A/Resources/GLEngine.bundle/GLEngine
0x000000000be32000 	/System/Library/Frameworks/OpenGL.framework/Versions/A/Libraries/libGLProgrammability.dylib
0x0000000000000000 	/System/Library/Extensions/AppleIntelHD5000GraphicsGLDriver.bundle/Contents/MacOS/AppleIntelHD5000GraphicsGLDriver
0x000000000be32000 	/System/Library/PrivateFrameworks/IOAccelerator.framework/Versions/A/IOAccelerator
0x000000000be32000 	/System/Library/PrivateFrameworks/GPUSupport.framework/Versions/A/Libraries/libGPUSupportMercury.dylib
0x000000000be32000 	/System/Library/Frameworks/OpenGL.framework/Versions/A/Resources/GLRendererFloat.bundle/GLRendererFloat
0x000000000be32000 	/System/Library/Frameworks/OpenCL.framework/Versions/A/Libraries/libcldcpuengine.dylib
0x000000000be32000 	/System/Library/PrivateFrameworks/DiskImages.framework/Versions/A/DiskImages
0x000000000be32000 	/System/Library/Frameworks/DiscRecording.framework/Versions/A/DiscRecording
0x000000000be32000 	/usr/lib/libcsfde.dylib
0x000000000be32000 	/usr/lib/libcurl.4.dylib
0x000000000be32000 	/System/Library/PrivateFrameworks/MediaKit.framework/Versions/A/MediaKit
0x000000000be32000 	/System/Library/PrivateFrameworks/ProtectedCloudStorage.framework/Versions/A/ProtectedCloudStorage
0x000000000be32000 	/usr/lib/libCoreStorage.dylib
0x000000000be32000 	/System/Library/PrivateFrameworks/EFILogin.framework/Versions/A/EFILogin
0x000000000be32000 	/usr/lib/libutil.dylib
0x000000000be32000 	/System/Library/PrivateFrameworks/FindMyDevice.framework/Versions/A/FindMyDevice
0x000000000be32000 	/System/Library/Frameworks/LDAP.framework/Versions/A/LDAP
0x000000000be32000 	/usr/lib/libsasl2.2.dylib
0x000000000be32000 	/System/Library/PrivateFrameworks/CoreDaemon.framework/Versions/B/CoreDaemon
0x000000000be32000 	/usr/lib/libcrypto.0.9.8.dylib
0x000000000be32000 	/System/Library/PrivateFrameworks/AppleSRP.framework/Versions/A/AppleSRP
0x000000000be32000 	/System/Library/PrivateFrameworks/TrustEvaluationAgent.framework/Versions/A/TrustEvaluationAgent
0x000000012801e000 	/Library/Java/JavaVirtualMachines/jdk1.8.0_11.jdk/Contents/Home/jre/lib/libglass.dylib
0x000000000be32000 	/System/Library/PrivateFrameworks/CoreServicesInternal.framework/Versions/A/CoreServicesInternal
0x000000000be32000 	/System/Library/PrivateFrameworks/CloudDocs.framework/Versions/A/CloudDocs
0x000000000be32000 	/System/Library/PrivateFrameworks/CoreDuet.framework/Versions/A/CoreDuet
0x000000000be32000 	/System/Library/Frameworks/CloudKit.framework/Versions/A/CloudKit
0x000000000be32000 	/System/Library/PrivateFrameworks/ProtocolBuffer.framework/Versions/A/ProtocolBuffer
0x000000000be32000 	/System/Library/PrivateFrameworks/CoreDuetDaemonProtocol.framework/Versions/A/CoreDuetDaemonProtocol
0x000000000be32000 	/System/Library/PrivateFrameworks/CoreDuetDebugLogging.framework/Versions/A/CoreDuetDebugLogging
0x000000000be32000 	/System/Library/Frameworks/CoreLocation.framework/Versions/A/CoreLocation
0x000000000be32000 	/System/Library/Frameworks/Accounts.framework/Versions/A/Accounts
0x000000000be32000 	/System/Library/PrivateFrameworks/ApplePushService.framework/Versions/A/ApplePushService
0x000000000be32000 	/System/Library/PrivateFrameworks/GeoServices.framework/Versions/A/GeoServices
0x000000000be32000 	/System/Library/PrivateFrameworks/OAuth.framework/Versions/A/OAuth
0x000000000be32000 	/System/Library/Frameworks/CoreGraphics.framework/Versions/A/Resources/libCGCMS.A.dylib
0x000000000be32000 	/System/Library/CoreServices/RawCamera.bundle/Contents/MacOS/RawCamera
0x000000000be32000 	/System/Library/Frameworks/CoreGraphics.framework/Versions/A/Resources/libRIP.A.dylib
0x000000000be32000 	/System/Library/PrivateFrameworks/FamilyControls.framework/Versions/A/FamilyControls
0x000000000be32000 	/System/Library/PrivateFrameworks/CommerceKit.framework/Versions/A/Frameworks/CommerceCore.framework/Versions/A/CommerceCore
0x000000000be32000 	/System/Library/PrivateFrameworks/SystemAdministration.framework/Versions/A/SystemAdministration
0x000000000be32000 	/System/Library/PrivateFrameworks/AppContainer.framework/Versions/A/AppContainer
0x000000000be32000 	/System/Library/PrivateFrameworks/SecCodeWrapper.framework/Versions/A/SecCodeWrapper
0x000000000be32000 	/System/Library/Frameworks/DirectoryService.framework/Versions/A/DirectoryService
0x000000000be32000 	/System/Library/PrivateFrameworks/LoginUIKit.framework/Versions/A/Frameworks/LoginUICore.framework/Versions/A/LoginUICore
0x000000000be32000 	/usr/lib/libodfde.dylib
0x000000012b7ec000 	/Library/Java/JavaVirtualMachines/jdk1.8.0_11.jdk/Contents/Home/jre/lib/libjavafx_font.dylib
0x000000000be32000 	/System/Library/Frameworks/CoreGraphics.framework/Versions/A/Resources/libCGXType.A.dylib
0x000000012e68f000 	cl_kernels
0x000000012e691000 	/System/Library/Frameworks/OpenCL.framework/Versions/A/Libraries/ImageFormats/unorm8_bgra.dylib
0x000000012e7c9000 	cl_kernels
0x000000012e7b9000 	/Library/Java/JavaVirtualMachines/jdk1.8.0_11.jdk/Contents/Home/jre/lib/libprism_common.dylib

VM Arguments:
jvm_args: -Didea.launcher.port=7534 -Didea.launcher.bin.path=/Applications/IntelliJ IDEA 14 CE.app/Contents/bin -Dfile.encoding=UTF-8 
java_command: com.intellij.rt.execution.application.AppMain configScreens.Main
java_class_path (initial): /Library/Java/JavaVirtualMachines/jdk1.8.0_11.jdk/Contents/Home/lib/ant-javafx.jar:/Library/Java/JavaVirtualMachines/jdk1.8.0_11.jdk/Contents/Home/lib/dt.jar:/Library/Java/JavaVirtualMachines/jdk1.8.0_11.jdk/Contents/Home/lib/javafx-mx.jar:/Library/Java/JavaVirtualMachines/jdk1.8.0_11.jdk/Contents/Home/lib/jconsole.jar:/Library/Java/JavaVirtualMachines/jdk1.8.0_11.jdk/Contents/Home/lib/sa-jdi.jar:/Library/Java/JavaVirtualMachines/jdk1.8.0_11.jdk/Contents/Home/lib/tools.jar:/Library/Java/JavaVirtualMachines/jdk1.8.0_11.jdk/Contents/Home/jre/lib/charsets.jar:/Library/Java/JavaVirtualMachines/jdk1.8.0_11.jdk/Contents/Home/jre/lib/deploy.jar:/Library/Java/JavaVirtualMachines/jdk1.8.0_11.jdk/Contents/Home/jre/lib/htmlconverter.jar:/Library/Java/JavaVirtualMachines/jdk1.8.0_11.jdk/Contents/Home/jre/lib/javaws.jar:/Library/Java/JavaVirtualMachines/jdk1.8.0_11.jdk/Contents/Home/jre/lib/jce.jar:/Library/Java/JavaVirtualMachines/jdk1.8.0_11.jdk/Contents/Home/jre/lib/jfr.jar:/Library/Java/JavaVirtualMachines/jdk1.8.0_11.jdk/Contents/Home/jre/lib/jfxswt.jar:/Library/Java/JavaVirtualMachines/jdk1.8.0_11.jdk/Contents/Home/jre/lib/jsse.jar:/Library/Java/JavaVirtualMachines/jdk1.8.0_11.jdk/Contents/Home/jre/lib/management-agent.jar:/Library/Java/JavaVirtualMachines/jdk1.8.0_11.jdk/Contents/Home/jre/lib/plugin.jar:/Library/Java/JavaVirtualMachines/jdk1.8.0_11.jdk/Contents/Home/jre/lib/resources.jar:/Library/Java/JavaVirtualMachines/jdk1.8.0_11.jdk/Contents/Home/jre/lib/rt.jar:/Library/Java/JavaVirtualMachines/jdk1.8.0_11.jdk/Contents/Home/jre/lib/ext/cldrdata.jar:/Library/Java/JavaVirtualMachines/jdk1.8.0_11.jdk/Contents/Home/jre/lib/ext/dnsns.jar:/Library/Java/JavaVirtualMachines/jdk1.8.0_11.jdk/Contents/Home/jre/lib/ext/jfxrt.jar:/Library/Java/JavaVirtualMachines/jdk1.8.0_11.jdk/Contents/Home/jre/lib/ext/localedata.jar:/Library/Java/JavaVirtualMachines/jdk1.8.0_11.jdk/Contents/Home/jre/lib/ext/nashorn.jar:/Library/Java/JavaVirtualMachines/jdk1.8.0_11.j
Launcher Type: SUN_STANDARD

Environment Variables:
CLASSPATH=.:/Users/yamininambiar/Downloads/junit.jar:/Users/yamininambiar/Downloads/hamcrest-core.jar
PATH=/Library/Frameworks/Python.framework/Versions/2.7/bin:/usr/local/heroku/bin:/Users/yamininambiar/anaconda/bin:/usr/local/bin:/usr/bin:/bin:/usr/sbin:/sbin:/usr/local/git/bin:/usr/local/MacGPG2/bin
SHELL=/bin/bash

Signal Handlers:
SIGSEGV: [libjvm.dylib+0x56059b], sa_mask[0]=0xfffefeff, sa_flags=0x00000043
SIGBUS: [libjvm.dylib+0x56059b], sa_mask[0]=0xfffefeff, sa_flags=0x00000042
SIGFPE: [libjvm.dylib+0x4438f2], sa_mask[0]=0xfffefeff, sa_flags=0x00000042
SIGPIPE: [libjvm.dylib+0x4438f2], sa_mask[0]=0xfffefeff, sa_flags=0x00000042
SIGXFSZ: [libjvm.dylib+0x4438f2], sa_mask[0]=0xfffefeff, sa_flags=0x00000042
SIGILL: [libjvm.dylib+0x4438f2], sa_mask[0]=0xfffefeff, sa_flags=0x00000042
SIGUSR1: SIG_DFL, sa_mask[0]=0x00000000, sa_flags=0x00000000
SIGUSR2: [libjvm.dylib+0x443410], sa_mask[0]=0x00000004, sa_flags=0x00000042
SIGHUP: [libjvm.dylib+0x44179b], sa_mask[0]=0xfffefeff, sa_flags=0x00000042
SIGINT: [libjvm.dylib+0x44179b], sa_mask[0]=0xfffefeff, sa_flags=0x00000042
SIGTERM: [libjvm.dylib+0x44179b], sa_mask[0]=0xfffefeff, sa_flags=0x00000042
SIGQUIT: [libjvm.dylib+0x44179b], sa_mask[0]=0xfffefeff, sa_flags=0x00000042


---------------  S Y S T E M  ---------------

OS:Bsduname:Darwin 14.1.0 Darwin Kernel Version 14.1.0: Mon Dec 22 23:10:38 PST 2014; root:xnu-2782.10.72~2/RELEASE_X86_64 x86_64
rlimit: STACK 8192k, CORE 0k, NPROC 709, NOFILE 10240, AS infinity
load average:3.48 2.91 2.60

CPU:total 4 (2 cores per cpu, 2 threads per core) family 6 model 69 stepping 1, cmov, cx8, fxsr, mmx, sse, sse2, sse3, ssse3, sse4.1, sse4.2, popcnt, avx, avx2, aes, clmul, erms, ht, tsc, tscinvbit

Memory: 4k page, physical 16777216k(2216996k free)

/proc/meminfo:


vm_info: Java HotSpot(TM) 64-Bit Server VM (25.11-b03) for bsd-amd64 JRE (1.8.0_11-b12), built on Jun 16 2014 17:39:42 by "java_re" with gcc 4.2.1 (Based on Apple Inc. build 5658) (LLVM build 2336.11.00)

time: Thu Sep 24 16:11:09 2015
elapsed time: 195 seconds

